<?xml version="1.0" encoding="UTF-8"?>
<!-- Generated by org.testng.reporters.JUnitReportReporter -->
<testsuite skipped="0" hostname="Trantor332" name="MultipleScreenShot" tests="1" failures="0" timestamp="2019-10-14T18:34:46 IST" time="0.522" errors="0">
  <testcase name="passScreenCapture" time="0.522" classname="MultipleScreenShot"/>
</testsuite> <!-- MultipleScreenShot -->
