<?xml version="1.0" encoding="UTF-8"?>
<!-- Generated by org.testng.reporters.JUnitReportReporter -->
<testsuite skipped="0" hostname="Trantor332" name="Base" tests="1" failures="0" timestamp="2019-10-14T15:36:38 IST" time="5.180" errors="0">
  <testcase name="initDriver" time="5.180" classname="Base"/>
</testsuite> <!-- Base -->
