<?xml version="1.0" encoding="UTF-8"?>
<!-- Generated by org.testng.reporters.JUnitReportReporter -->
<testsuite skipped="0" hostname="Trantor332" name="ScreeShot" tests="1" failures="0" timestamp="2019-10-14T15:35:05 IST" time="4.229" errors="0">
  <testcase name="Base" time="4.229" classname="ScreeShot"/>
</testsuite> <!-- ScreeShot -->
