<?xml version="1.0" encoding="UTF-8"?>
<!-- Generated by org.testng.reporters.JUnitReportReporter -->
<testsuite skipped="0" hostname="Trantor332" name="PDFReader" tests="1" failures="0" timestamp="2019-10-14T18:13:57 IST" time="5.803" errors="0">
  <testcase name="getPDFData" time="5.803" classname="PDFReader"/>
</testsuite> <!-- PDFReader -->
